2016-03-19 19:44:21,071 - [INFO] - from play in pool-4-thread-4 
Listening for HTTP on /0:0:0:0:0:0:0:0:9000

2016-03-19 19:45:42,647 - [INFO] - from play in play-internal-execution-context-1 
database [default] connected at jdbc:mysql://pacemaker:3306/pacemaker

2016-03-19 19:45:43,223 - [INFO] - from play in play-internal-execution-context-1 
Application started (Dev)

2016-03-19 19:46:05,675 - [INFO] - from application in play-akka.actor.default-dispatcher-4 
Sat Mar 19 19:46:05 GMT 2016A user created an activity to keep track of their null for 0.0km

2016-03-19 19:46:05,675 - [INFO] - from application in play-akka.actor.default-dispatcher-4 
Sat Mar 19 19:46:05 GMT 2016 User moe sizlack updated an activity

2016-03-19 19:46:24,067 - [INFO] - from application in play-akka.actor.default-dispatcher-2 
Sat Mar 19 19:46:24 GMT 2016A user created an activity to keep track of their null for 0.0km

2016-03-19 19:46:24,067 - [INFO] - from application in play-akka.actor.default-dispatcher-2 
Sat Mar 19 19:46:24 GMT 2016 User moe sizlack updated an activity

2016-03-19 19:46:40,401 - [INFO] - from application in play-akka.actor.default-dispatcher-5 
Sat Mar 19 19:46:40 GMT 2016A user created an activity to keep track of their null for 0.0km

2016-03-19 19:46:40,401 - [INFO] - from application in play-akka.actor.default-dispatcher-5 
Sat Mar 19 19:46:40 GMT 2016 User moe sizlack updated an activity

2016-03-19 19:48:16,770 - [INFO] - from application in play-akka.actor.default-dispatcher-6 
Sat Mar 19 19:48:16 GMT 2016A user created an activity to keep track of their null for 0.0km

2016-03-19 19:48:16,771 - [INFO] - from application in play-akka.actor.default-dispatcher-6 
Sat Mar 19 19:48:16 GMT 2016 User moe sizlack updated an activity

2016-03-19 19:51:06,313 - [INFO] - from application in play-akka.actor.default-dispatcher-9 
Sat Mar 19 19:51:06 GMT 2016A user created an activity to keep track of their Run for 3.0km

2016-03-19 19:51:06,313 - [INFO] - from application in play-akka.actor.default-dispatcher-9 
Sat Mar 19 19:51:06 GMT 2016 User moe sizlack updated an activity

2016-03-19 19:52:05,503 - [INFO] - from application in play-akka.actor.default-dispatcher-12 
Sat Mar 19 19:52:05 GMT 2016A user created an activity to keep track of their Run for 3.0km

2016-03-19 19:52:05,503 - [INFO] - from application in play-akka.actor.default-dispatcher-12 
Sat Mar 19 19:52:05 GMT 2016 User moe sizlack updated an activity

